{
  "stats": {
    "suites": 4,
    "tests": 7,
    "passes": 6,
    "pending": 0,
    "failures": 1,
    "start": "2026-03-09T11:33:54.023Z",
    "end": "2026-03-09T11:34:16.605Z",
    "duration": 22582,
    "testsRegistered": 7,
    "passPercent": 85.71428571428571,
    "pendingPercent": 0,
    "other": 0,
    "hasOther": false,
    "skipped": 0,
    "hasSkipped": false
  },
  "results": [
    {
      "uuid": "e077171e-14ac-4de8-8c18-6836da96398e",
      "title": "",
      "fullFile": "cypress\\e2e\\auth\\login.cy.ts",
      "file": "cypress\\e2e\\auth\\login.cy.ts",
      "beforeHooks": [],
      "afterHooks": [],
      "tests": [],
      "suites": [
        {
          "uuid": "ad896393-ad57-4099-a174-2d2de2af9fcc",
          "title": "Login Feature",
          "fullFile": "",
          "file": "",
          "beforeHooks": [],
          "afterHooks": [],
          "tests": [],
          "suites": [
            {
              "uuid": "0197d4e9-343a-41e5-810b-34e28f048056",
              "title": "Happy Path — Login exitoso",
              "fullFile": "",
              "file": "",
              "beforeHooks": [],
              "afterHooks": [],
              "tests": [
                {
                  "title": "Debería hacer login con credenciales válidas",
                  "fullTitle": "Login Feature Happy Path — Login exitoso Debería hacer login con credenciales válidas",
                  "timedOut": null,
                  "duration": 12239,
                  "state": "failed",
                  "speed": null,
                  "pass": false,
                  "fail": true,
                  "pending": false,
                  "context": null,
                  "code": "cy.clearAllSessionStorage();\ncy.clearAllCookies();\nLoginPage_1.loginPage.visit();\nLoginPage_1.loginPage.login('usuario_incorrecto', 'pass_incorrecto'); // ← credenciales wrongas\nInventoryPage_1.inventoryPage.verifyPageIsLoaded(); // Verificamos que la página de inventario se cargó correctamente",
                  "err": {
                    "message": "AssertionError: Timed out retrying after 8000ms: expected 'https://www.saucedemo.com/' to include '/inventory'",
                    "estack": "AssertionError: Timed out retrying after 8000ms: expected 'https://www.saucedemo.com/' to include '/inventory'\n    at __webpack_modules__../cypress/pages/InventoryPage.ts.InventoryPage.verifyPageIsLoaded (webpack://proyecto-cypress-pom/./cypress/pages/InventoryPage.ts:23:13)\n    at Context.eval (webpack://proyecto-cypress-pom/./cypress/e2e/auth/login.cy.ts:28:20)",
                    "diff": null
                  },
                  "uuid": "159cf00d-e3b0-44de-8d4e-cd8ad7780323",
                  "parentUUID": "0197d4e9-343a-41e5-810b-34e28f048056",
                  "isHook": false,
                  "skipped": false
                },
                {
                  "title": "Debería mostrar los productos después del login",
                  "fullTitle": "Login Feature Happy Path — Login exitoso Debería mostrar los productos después del login",
                  "timedOut": null,
                  "duration": 2786,
                  "state": "passed",
                  "speed": "fast",
                  "pass": true,
                  "fail": false,
                  "pending": false,
                  "context": null,
                  "code": "LoginPage_1.loginPage.login('standard_user', 'secret_sauce');\n// Verificar que hay productos visibles\nInventoryPage_1.inventoryPage.getInventoryItems().should('have.length', 6);",
                  "err": {},
                  "uuid": "326e263f-2559-4df9-a2cc-1df0af26e46e",
                  "parentUUID": "0197d4e9-343a-41e5-810b-34e28f048056",
                  "isHook": false,
                  "skipped": false
                }
              ],
              "suites": [],
              "passes": [
                "326e263f-2559-4df9-a2cc-1df0af26e46e"
              ],
              "failures": [
                "159cf00d-e3b0-44de-8d4e-cd8ad7780323"
              ],
              "pending": [],
              "skipped": [],
              "duration": 15025,
              "root": false,
              "rootEmpty": false,
              "_timeout": 2000
            },
            {
              "uuid": "1da12f17-e487-427f-acc3-56cf9ed9fbfa",
              "title": "Sad Path — Login fallido",
              "fullFile": "",
              "file": "",
              "beforeHooks": [],
              "afterHooks": [],
              "tests": [
                {
                  "title": "Debería mostrar error con usuario incorrecto",
                  "fullTitle": "Login Feature Sad Path — Login fallido Debería mostrar error con usuario incorrecto",
                  "timedOut": null,
                  "duration": 1526,
                  "state": "passed",
                  "speed": "fast",
                  "pass": true,
                  "fail": false,
                  "pending": false,
                  "context": null,
                  "code": "LoginPage_1.loginPage.login('usuario_falso', 'secret_sauce');\nLoginPage_1.loginPage.verifyErrorMessage('Username and password do not match any user in this service');",
                  "err": {},
                  "uuid": "2f17de70-d2d6-4e1b-ba4c-5d21388e1e63",
                  "parentUUID": "1da12f17-e487-427f-acc3-56cf9ed9fbfa",
                  "isHook": false,
                  "skipped": false
                },
                {
                  "title": "Debería mostrar error con contraseña incorrecta",
                  "fullTitle": "Login Feature Sad Path — Login fallido Debería mostrar error con contraseña incorrecta",
                  "timedOut": null,
                  "duration": 1798,
                  "state": "passed",
                  "speed": "fast",
                  "pass": true,
                  "fail": false,
                  "pending": false,
                  "context": null,
                  "code": "LoginPage_1.loginPage.login('standard_user', 'contraseña_incorrecta');\nLoginPage_1.loginPage.verifyErrorMessage('Username and password do not match any user in this service');",
                  "err": {},
                  "uuid": "b15a16d8-1628-4301-aa91-a059c741d345",
                  "parentUUID": "1da12f17-e487-427f-acc3-56cf9ed9fbfa",
                  "isHook": false,
                  "skipped": false
                },
                {
                  "title": "Debería mostrar error cuando los campos están vacíos",
                  "fullTitle": "Login Feature Sad Path — Login fallido Debería mostrar error cuando los campos están vacíos",
                  "timedOut": null,
                  "duration": 252,
                  "state": "passed",
                  "speed": "fast",
                  "pass": true,
                  "fail": false,
                  "pending": false,
                  "context": null,
                  "code": "// Hacer click en login sin llenar campos\nLoginPage_1.loginPage.clickLoginButton();\nLoginPage_1.loginPage.verifyErrorMessage('Username is required');",
                  "err": {},
                  "uuid": "57406e3e-e130-4d29-b382-16f3ec03b7ba",
                  "parentUUID": "1da12f17-e487-427f-acc3-56cf9ed9fbfa",
                  "isHook": false,
                  "skipped": false
                },
                {
                  "title": "Debería mostrar error con usuario bloqueado",
                  "fullTitle": "Login Feature Sad Path — Login fallido Debería mostrar error con usuario bloqueado",
                  "timedOut": null,
                  "duration": 1524,
                  "state": "passed",
                  "speed": "fast",
                  "pass": true,
                  "fail": false,
                  "pending": false,
                  "context": null,
                  "code": "// SauceDemo tiene un usuario especial bloqueado para practicar este caso\nLoginPage_1.loginPage.login('locked_out_user', 'secret_sauce');\nLoginPage_1.loginPage.verifyErrorMessage('Sorry, this user has been locked out');",
                  "err": {},
                  "uuid": "ced9cb7b-5f4a-40cc-a8ef-6038e4d8789d",
                  "parentUUID": "1da12f17-e487-427f-acc3-56cf9ed9fbfa",
                  "isHook": false,
                  "skipped": false
                }
              ],
              "suites": [],
              "passes": [
                "2f17de70-d2d6-4e1b-ba4c-5d21388e1e63",
                "b15a16d8-1628-4301-aa91-a059c741d345",
                "57406e3e-e130-4d29-b382-16f3ec03b7ba",
                "ced9cb7b-5f4a-40cc-a8ef-6038e4d8789d"
              ],
              "failures": [],
              "pending": [],
              "skipped": [],
              "duration": 5100,
              "root": false,
              "rootEmpty": false,
              "_timeout": 2000
            }
          ],
          "passes": [],
          "failures": [],
          "pending": [],
          "skipped": [],
          "duration": 0,
          "root": false,
          "rootEmpty": false,
          "_timeout": 2000
        },
        {
          "uuid": "23ad73a3-5820-476b-8304-38e7a5da4df9",
          "title": "Login con Fixtures",
          "fullFile": "",
          "file": "",
          "beforeHooks": [],
          "afterHooks": [],
          "tests": [
            {
              "title": "Debería hacer login con datos del fixture",
              "fullTitle": "Login con Fixtures Debería hacer login con datos del fixture",
              "timedOut": null,
              "duration": 1413,
              "state": "passed",
              "speed": "fast",
              "pass": true,
              "fail": false,
              "pending": false,
              "context": null,
              "code": "cy.fixture('users').then(function (users) {\n    LoginPage_1.loginPage.login(users.validUser.username, users.validUser.password);\n    InventoryPage_1.inventoryPage.verifyPageIsLoaded();\n});",
              "err": {},
              "uuid": "43de4848-12ad-4fae-a763-a3fa065f9603",
              "parentUUID": "23ad73a3-5820-476b-8304-38e7a5da4df9",
              "isHook": false,
              "skipped": false
            }
          ],
          "suites": [],
          "passes": [
            "43de4848-12ad-4fae-a763-a3fa065f9603"
          ],
          "failures": [],
          "pending": [],
          "skipped": [],
          "duration": 1413,
          "root": false,
          "rootEmpty": false,
          "_timeout": 2000
        }
      ],
      "passes": [],
      "failures": [],
      "pending": [],
      "skipped": [],
      "duration": 0,
      "root": true,
      "rootEmpty": true,
      "_timeout": 2000
    }
  ],
  "meta": {
    "mocha": {
      "version": "7.2.0"
    },
    "mochawesome": {
      "options": {
        "quiet": false,
        "reportFilename": "mochawesome",
        "saveHtml": false,
        "saveJson": true,
        "consoleReporter": "spec",
        "useInlineDiffs": false,
        "code": true
      },
      "version": "7.1.4"
    },
    "marge": {
      "options": {
        "reportDir": "cypress/reports/mochawesome",
        "overwrite": false,
        "html": false,
        "json": true,
        "embeddedScreenshots": true,
        "inlineAssets": true
      },
      "version": "6.3.2"
    }
  }
}