{
  "stats": {
    "suites": 4,
    "tests": 7,
    "passes": 7,
    "pending": 0,
    "failures": 0,
    "start": "2026-03-07T20:06:15.427Z",
    "end": "2026-03-07T20:06:28.546Z",
    "duration": 13119,
    "testsRegistered": 7,
    "passPercent": 100,
    "pendingPercent": 0,
    "other": 0,
    "hasOther": false,
    "skipped": 0,
    "hasSkipped": false
  },
  "results": [
    {
      "uuid": "b3d78410-9705-43a4-bf4d-c913a25a4d0d",
      "title": "",
      "fullFile": "cypress\\e2e\\auth\\login.cy.ts",
      "file": "cypress\\e2e\\auth\\login.cy.ts",
      "beforeHooks": [],
      "afterHooks": [],
      "tests": [],
      "suites": [
        {
          "uuid": "57429ea3-ee66-42f9-b31b-a0249b337392",
          "title": "Login Feature",
          "fullFile": "",
          "file": "",
          "beforeHooks": [],
          "afterHooks": [],
          "tests": [],
          "suites": [
            {
              "uuid": "de698624-0417-4887-8955-3686c983d22c",
              "title": "Happy Path — Login exitoso",
              "fullFile": "",
              "file": "",
              "beforeHooks": [],
              "afterHooks": [],
              "tests": [
                {
                  "title": "Debería hacer login con credenciales válidas",
                  "fullTitle": "Login Feature Happy Path — Login exitoso Debería hacer login con credenciales válidas",
                  "timedOut": null,
                  "duration": 3525,
                  "state": "passed",
                  "speed": "fast",
                  "pass": true,
                  "fail": false,
                  "pending": false,
                  "context": null,
                  "code": "// Arrange (Preparar) — datos del test\nvar validUser = 'standard_user';\nvar validPassword = 'secret_sauce';\n// Act (Actuar) — ejecutar la acción\nLoginPage_1.loginPage.login(validUser, validPassword);\n// Assert (Verificar) — comprobar el resultado\nInventoryPage_1.inventoryPage.verifyPageIsLoaded();",
                  "err": {},
                  "uuid": "4f8fd33b-cf23-4866-8139-41d29e0e40e1",
                  "parentUUID": "de698624-0417-4887-8955-3686c983d22c",
                  "isHook": false,
                  "skipped": false
                },
                {
                  "title": "Debería mostrar los productos después del login",
                  "fullTitle": "Login Feature Happy Path — Login exitoso Debería mostrar los productos después del login",
                  "timedOut": null,
                  "duration": 4069,
                  "state": "passed",
                  "speed": "fast",
                  "pass": true,
                  "fail": false,
                  "pending": false,
                  "context": null,
                  "code": "LoginPage_1.loginPage.login('standard_user', 'secret_sauce');\n// Verificar que hay productos visibles\nInventoryPage_1.inventoryPage.getInventoryItems().should('have.length', 6);",
                  "err": {},
                  "uuid": "cc4a5696-7d9b-4b29-acdc-aff5e2a15d33",
                  "parentUUID": "de698624-0417-4887-8955-3686c983d22c",
                  "isHook": false,
                  "skipped": false
                }
              ],
              "suites": [],
              "passes": [
                "4f8fd33b-cf23-4866-8139-41d29e0e40e1",
                "cc4a5696-7d9b-4b29-acdc-aff5e2a15d33"
              ],
              "failures": [],
              "pending": [],
              "skipped": [],
              "duration": 7594,
              "root": false,
              "rootEmpty": false,
              "_timeout": 2000
            },
            {
              "uuid": "8dff654d-c716-49d8-a61e-e26c27aa6ac6",
              "title": "Sad Path — Login fallido",
              "fullFile": "",
              "file": "",
              "beforeHooks": [],
              "afterHooks": [],
              "tests": [
                {
                  "title": "Debería mostrar error con usuario incorrecto",
                  "fullTitle": "Login Feature Sad Path — Login fallido Debería mostrar error con usuario incorrecto",
                  "timedOut": null,
                  "duration": 1104,
                  "state": "passed",
                  "speed": "fast",
                  "pass": true,
                  "fail": false,
                  "pending": false,
                  "context": null,
                  "code": "LoginPage_1.loginPage.login('usuario_falso', 'secret_sauce');\nLoginPage_1.loginPage.verifyErrorMessage('Username and password do not match any user in this service');",
                  "err": {},
                  "uuid": "ce16d8dc-ee92-426c-948a-57d5c454ae4d",
                  "parentUUID": "8dff654d-c716-49d8-a61e-e26c27aa6ac6",
                  "isHook": false,
                  "skipped": false
                },
                {
                  "title": "Debería mostrar error con contraseña incorrecta",
                  "fullTitle": "Login Feature Sad Path — Login fallido Debería mostrar error con contraseña incorrecta",
                  "timedOut": null,
                  "duration": 1333,
                  "state": "passed",
                  "speed": "fast",
                  "pass": true,
                  "fail": false,
                  "pending": false,
                  "context": null,
                  "code": "LoginPage_1.loginPage.login('standard_user', 'contraseña_incorrecta');\nLoginPage_1.loginPage.verifyErrorMessage('Username and password do not match any user in this service');",
                  "err": {},
                  "uuid": "718036f4-51d4-478a-a1cf-c9e365374793",
                  "parentUUID": "8dff654d-c716-49d8-a61e-e26c27aa6ac6",
                  "isHook": false,
                  "skipped": false
                },
                {
                  "title": "Debería mostrar error cuando los campos están vacíos",
                  "fullTitle": "Login Feature Sad Path — Login fallido Debería mostrar error cuando los campos están vacíos",
                  "timedOut": null,
                  "duration": 270,
                  "state": "passed",
                  "speed": "fast",
                  "pass": true,
                  "fail": false,
                  "pending": false,
                  "context": null,
                  "code": "// Hacer click en login sin llenar campos\nLoginPage_1.loginPage.clickLoginButton();\nLoginPage_1.loginPage.verifyErrorMessage('Username is required');",
                  "err": {},
                  "uuid": "c663daca-1dc0-48e0-92f7-de97b97e0e0a",
                  "parentUUID": "8dff654d-c716-49d8-a61e-e26c27aa6ac6",
                  "isHook": false,
                  "skipped": false
                },
                {
                  "title": "Debería mostrar error con usuario bloqueado",
                  "fullTitle": "Login Feature Sad Path — Login fallido Debería mostrar error con usuario bloqueado",
                  "timedOut": null,
                  "duration": 1257,
                  "state": "passed",
                  "speed": "fast",
                  "pass": true,
                  "fail": false,
                  "pending": false,
                  "context": null,
                  "code": "// SauceDemo tiene un usuario especial bloqueado para practicar este caso\nLoginPage_1.loginPage.login('locked_out_user', 'secret_sauce');\nLoginPage_1.loginPage.verifyErrorMessage('Sorry, this user has been locked out');",
                  "err": {},
                  "uuid": "09621be2-5ff0-4002-9396-e6652c25b21a",
                  "parentUUID": "8dff654d-c716-49d8-a61e-e26c27aa6ac6",
                  "isHook": false,
                  "skipped": false
                }
              ],
              "suites": [],
              "passes": [
                "ce16d8dc-ee92-426c-948a-57d5c454ae4d",
                "718036f4-51d4-478a-a1cf-c9e365374793",
                "c663daca-1dc0-48e0-92f7-de97b97e0e0a",
                "09621be2-5ff0-4002-9396-e6652c25b21a"
              ],
              "failures": [],
              "pending": [],
              "skipped": [],
              "duration": 3964,
              "root": false,
              "rootEmpty": false,
              "_timeout": 2000
            }
          ],
          "passes": [],
          "failures": [],
          "pending": [],
          "skipped": [],
          "duration": 0,
          "root": false,
          "rootEmpty": false,
          "_timeout": 2000
        },
        {
          "uuid": "bcb4106e-a417-485d-bca4-3628fcfb40be",
          "title": "Login con Fixtures",
          "fullFile": "",
          "file": "",
          "beforeHooks": [],
          "afterHooks": [],
          "tests": [
            {
              "title": "Debería hacer login con datos del fixture",
              "fullTitle": "Login con Fixtures Debería hacer login con datos del fixture",
              "timedOut": null,
              "duration": 1171,
              "state": "passed",
              "speed": "fast",
              "pass": true,
              "fail": false,
              "pending": false,
              "context": null,
              "code": "cy.fixture('users').then(function (users) {\n    LoginPage_1.loginPage.login(users.validUser.username, users.validUser.password);\n    InventoryPage_1.inventoryPage.verifyPageIsLoaded();\n});",
              "err": {},
              "uuid": "63030efc-ffdf-48cc-a90c-e9e624624b49",
              "parentUUID": "bcb4106e-a417-485d-bca4-3628fcfb40be",
              "isHook": false,
              "skipped": false
            }
          ],
          "suites": [],
          "passes": [
            "63030efc-ffdf-48cc-a90c-e9e624624b49"
          ],
          "failures": [],
          "pending": [],
          "skipped": [],
          "duration": 1171,
          "root": false,
          "rootEmpty": false,
          "_timeout": 2000
        }
      ],
      "passes": [],
      "failures": [],
      "pending": [],
      "skipped": [],
      "duration": 0,
      "root": true,
      "rootEmpty": true,
      "_timeout": 2000
    }
  ],
  "meta": {
    "mocha": {
      "version": "7.2.0"
    },
    "mochawesome": {
      "options": {
        "quiet": false,
        "reportFilename": "mochawesome",
        "saveHtml": false,
        "saveJson": true,
        "consoleReporter": "spec",
        "useInlineDiffs": false,
        "code": true
      },
      "version": "7.1.4"
    },
    "marge": {
      "options": {
        "reportDir": "cypress/reports/mochawesome",
        "overwrite": false,
        "html": false,
        "json": true,
        "embeddedScreenshots": true,
        "inlineAssets": true
      },
      "version": "6.3.2"
    }
  }
}