{
  "stats": {
    "suites": 4,
    "tests": 7,
    "passes": 7,
    "pending": 0,
    "failures": 0,
    "start": "2026-03-07T20:11:25.205Z",
    "end": "2026-03-07T20:11:38.126Z",
    "duration": 12921,
    "testsRegistered": 7,
    "passPercent": 100,
    "pendingPercent": 0,
    "other": 0,
    "hasOther": false,
    "skipped": 0,
    "hasSkipped": false
  },
  "results": [
    {
      "uuid": "b35e799d-400c-444e-adca-04273d6d48af",
      "title": "",
      "fullFile": "cypress\\e2e\\auth\\login.cy.ts",
      "file": "cypress\\e2e\\auth\\login.cy.ts",
      "beforeHooks": [],
      "afterHooks": [],
      "tests": [],
      "suites": [
        {
          "uuid": "33ab1759-163b-4851-8789-0329c59aa234",
          "title": "Login Feature",
          "fullFile": "",
          "file": "",
          "beforeHooks": [],
          "afterHooks": [],
          "tests": [],
          "suites": [
            {
              "uuid": "5f84ad07-d2d2-47b3-b1d7-1d619e69e9f9",
              "title": "Happy Path — Login exitoso",
              "fullFile": "",
              "file": "",
              "beforeHooks": [],
              "afterHooks": [],
              "tests": [
                {
                  "title": "Debería hacer login con credenciales válidas",
                  "fullTitle": "Login Feature Happy Path — Login exitoso Debería hacer login con credenciales válidas",
                  "timedOut": null,
                  "duration": 4126,
                  "state": "passed",
                  "speed": "fast",
                  "pass": true,
                  "fail": false,
                  "pending": false,
                  "context": null,
                  "code": "// Arrange (Preparar) — datos del test\nvar validUser = 'standard_user';\nvar validPassword = 'secret_sauce';\n// Act (Actuar) — ejecutar la acción\nLoginPage_1.loginPage.login(validUser, validPassword);\n// Assert (Verificar) — comprobar el resultado\nInventoryPage_1.inventoryPage.verifyPageIsLoaded();",
                  "err": {},
                  "uuid": "f4ba8c84-f1c5-4d6d-9198-3c51c6065644",
                  "parentUUID": "5f84ad07-d2d2-47b3-b1d7-1d619e69e9f9",
                  "isHook": false,
                  "skipped": false
                },
                {
                  "title": "Debería mostrar los productos después del login",
                  "fullTitle": "Login Feature Happy Path — Login exitoso Debería mostrar los productos después del login",
                  "timedOut": null,
                  "duration": 3839,
                  "state": "passed",
                  "speed": "fast",
                  "pass": true,
                  "fail": false,
                  "pending": false,
                  "context": null,
                  "code": "LoginPage_1.loginPage.login('standard_user', 'secret_sauce');\n// Verificar que hay productos visibles\nInventoryPage_1.inventoryPage.getInventoryItems().should('have.length', 6);",
                  "err": {},
                  "uuid": "c2a2105d-b5e8-4a30-839d-40eb371d3e34",
                  "parentUUID": "5f84ad07-d2d2-47b3-b1d7-1d619e69e9f9",
                  "isHook": false,
                  "skipped": false
                }
              ],
              "suites": [],
              "passes": [
                "f4ba8c84-f1c5-4d6d-9198-3c51c6065644",
                "c2a2105d-b5e8-4a30-839d-40eb371d3e34"
              ],
              "failures": [],
              "pending": [],
              "skipped": [],
              "duration": 7965,
              "root": false,
              "rootEmpty": false,
              "_timeout": 2000
            },
            {
              "uuid": "81a9f4d2-9545-4a6a-9a4a-404f77c8ce91",
              "title": "Sad Path — Login fallido",
              "fullFile": "",
              "file": "",
              "beforeHooks": [],
              "afterHooks": [],
              "tests": [
                {
                  "title": "Debería mostrar error con usuario incorrecto",
                  "fullTitle": "Login Feature Sad Path — Login fallido Debería mostrar error con usuario incorrecto",
                  "timedOut": null,
                  "duration": 1132,
                  "state": "passed",
                  "speed": "fast",
                  "pass": true,
                  "fail": false,
                  "pending": false,
                  "context": null,
                  "code": "LoginPage_1.loginPage.login('usuario_falso', 'secret_sauce');\nLoginPage_1.loginPage.verifyErrorMessage('Username and password do not match any user in this service');",
                  "err": {},
                  "uuid": "0e0f9c7f-dac5-4150-a939-fd9872b44ae1",
                  "parentUUID": "81a9f4d2-9545-4a6a-9a4a-404f77c8ce91",
                  "isHook": false,
                  "skipped": false
                },
                {
                  "title": "Debería mostrar error con contraseña incorrecta",
                  "fullTitle": "Login Feature Sad Path — Login fallido Debería mostrar error con contraseña incorrecta",
                  "timedOut": null,
                  "duration": 1233,
                  "state": "passed",
                  "speed": "fast",
                  "pass": true,
                  "fail": false,
                  "pending": false,
                  "context": null,
                  "code": "LoginPage_1.loginPage.login('standard_user', 'contraseña_incorrecta');\nLoginPage_1.loginPage.verifyErrorMessage('Username and password do not match any user in this service');",
                  "err": {},
                  "uuid": "4a80727e-a19a-45fd-8c61-344a49fe3135",
                  "parentUUID": "81a9f4d2-9545-4a6a-9a4a-404f77c8ce91",
                  "isHook": false,
                  "skipped": false
                },
                {
                  "title": "Debería mostrar error cuando los campos están vacíos",
                  "fullTitle": "Login Feature Sad Path — Login fallido Debería mostrar error cuando los campos están vacíos",
                  "timedOut": null,
                  "duration": 212,
                  "state": "passed",
                  "speed": "fast",
                  "pass": true,
                  "fail": false,
                  "pending": false,
                  "context": null,
                  "code": "// Hacer click en login sin llenar campos\nLoginPage_1.loginPage.clickLoginButton();\nLoginPage_1.loginPage.verifyErrorMessage('Username is required');",
                  "err": {},
                  "uuid": "68d14384-649c-4de2-b6fc-1492ff66fe93",
                  "parentUUID": "81a9f4d2-9545-4a6a-9a4a-404f77c8ce91",
                  "isHook": false,
                  "skipped": false
                },
                {
                  "title": "Debería mostrar error con usuario bloqueado",
                  "fullTitle": "Login Feature Sad Path — Login fallido Debería mostrar error con usuario bloqueado",
                  "timedOut": null,
                  "duration": 1090,
                  "state": "passed",
                  "speed": "fast",
                  "pass": true,
                  "fail": false,
                  "pending": false,
                  "context": null,
                  "code": "// SauceDemo tiene un usuario especial bloqueado para practicar este caso\nLoginPage_1.loginPage.login('locked_out_user', 'secret_sauce');\nLoginPage_1.loginPage.verifyErrorMessage('Sorry, this user has been locked out');",
                  "err": {},
                  "uuid": "d8e124b7-2711-4e94-8e0b-f3a62ef9c3a7",
                  "parentUUID": "81a9f4d2-9545-4a6a-9a4a-404f77c8ce91",
                  "isHook": false,
                  "skipped": false
                }
              ],
              "suites": [],
              "passes": [
                "0e0f9c7f-dac5-4150-a939-fd9872b44ae1",
                "4a80727e-a19a-45fd-8c61-344a49fe3135",
                "68d14384-649c-4de2-b6fc-1492ff66fe93",
                "d8e124b7-2711-4e94-8e0b-f3a62ef9c3a7"
              ],
              "failures": [],
              "pending": [],
              "skipped": [],
              "duration": 3667,
              "root": false,
              "rootEmpty": false,
              "_timeout": 2000
            }
          ],
          "passes": [],
          "failures": [],
          "pending": [],
          "skipped": [],
          "duration": 0,
          "root": false,
          "rootEmpty": false,
          "_timeout": 2000
        },
        {
          "uuid": "13d683ab-d075-4674-8a27-591db68375ef",
          "title": "Login con Fixtures",
          "fullFile": "",
          "file": "",
          "beforeHooks": [],
          "afterHooks": [],
          "tests": [
            {
              "title": "Debería hacer login con datos del fixture",
              "fullTitle": "Login con Fixtures Debería hacer login con datos del fixture",
              "timedOut": null,
              "duration": 1011,
              "state": "passed",
              "speed": "fast",
              "pass": true,
              "fail": false,
              "pending": false,
              "context": null,
              "code": "cy.fixture('users').then(function (users) {\n    LoginPage_1.loginPage.login(users.validUser.username, users.validUser.password);\n    InventoryPage_1.inventoryPage.verifyPageIsLoaded();\n});",
              "err": {},
              "uuid": "406d6835-be76-4a8b-ae6c-1f804d39d48b",
              "parentUUID": "13d683ab-d075-4674-8a27-591db68375ef",
              "isHook": false,
              "skipped": false
            }
          ],
          "suites": [],
          "passes": [
            "406d6835-be76-4a8b-ae6c-1f804d39d48b"
          ],
          "failures": [],
          "pending": [],
          "skipped": [],
          "duration": 1011,
          "root": false,
          "rootEmpty": false,
          "_timeout": 2000
        }
      ],
      "passes": [],
      "failures": [],
      "pending": [],
      "skipped": [],
      "duration": 0,
      "root": true,
      "rootEmpty": true,
      "_timeout": 2000
    }
  ],
  "meta": {
    "mocha": {
      "version": "7.2.0"
    },
    "mochawesome": {
      "options": {
        "quiet": false,
        "reportFilename": "mochawesome",
        "saveHtml": false,
        "saveJson": true,
        "consoleReporter": "spec",
        "useInlineDiffs": false,
        "code": true
      },
      "version": "7.1.4"
    },
    "marge": {
      "options": {
        "reportDir": "cypress/reports/mochawesome",
        "overwrite": false,
        "html": false,
        "json": true,
        "embeddedScreenshots": true,
        "inlineAssets": true
      },
      "version": "6.3.2"
    }
  }
}