{
  "stats": {
    "suites": 1,
    "tests": 1,
    "passes": 1,
    "pending": 0,
    "failures": 0,
    "start": "2026-03-09T11:34:19.969Z",
    "end": "2026-03-09T11:34:29.834Z",
    "duration": 9865,
    "testsRegistered": 1,
    "passPercent": 100,
    "pendingPercent": 0,
    "other": 0,
    "hasOther": false,
    "skipped": 0,
    "hasSkipped": false
  },
  "results": [
    {
      "uuid": "2632e7a0-14e7-40f7-a916-e82ffb45d28b",
      "title": "",
      "fullFile": "cypress\\e2e\\auth\\users.cy.ts",
      "file": "cypress\\e2e\\auth\\users.cy.ts",
      "beforeHooks": [],
      "afterHooks": [],
      "tests": [],
      "suites": [
        {
          "uuid": "636b6f66-17f5-4170-9acf-8525826ea7f3",
          "title": "Login parametrizado con todos los usuarios",
          "fullFile": "",
          "file": "",
          "beforeHooks": [],
          "afterHooks": [],
          "tests": [
            {
              "title": "Debería verificar el comportamiento de cada usuario",
              "fullTitle": "Login parametrizado con todos los usuarios Debería verificar el comportamiento de cada usuario",
              "timedOut": null,
              "duration": 9662,
              "state": "passed",
              "speed": "medium",
              "pass": true,
              "fail": false,
              "pending": false,
              "context": null,
              "code": "cy.fixture('users').then(function (users) {\n    // Object.entries convierte el objeto JSON en un array iterable\n    Object.entries(users).forEach(function (_a) {\n        var _b = __read(_a, 2), key = _b[0], user = _b[1];\n        cy.log(\"Probando login con usuario: \".concat(key));\n        LoginPage_1.loginPage.visit();\n        LoginPage_1.loginPage.login(user.username, user.password);\n        // Verificar el resultado esperado para cada usuario\n        if (key === 'validUser') {\n            InventoryPage_1.inventoryPage.verifyPageIsLoaded();\n        }\n        else if (key === 'lockedUser') {\n            LoginPage_1.loginPage.verifyErrorMessage('Sorry, this user has been locked out');\n        }\n        else if (key === 'problemUser') {\n            InventoryPage_1.inventoryPage.verifyPageIsLoaded();\n        }\n        else if (key === 'invalidUser') {\n            LoginPage_1.loginPage.verifyErrorMessage('Username and password do not match any user in this service');\n        }\n        else {\n            // Caso no esperado — falla el test con un mensaje claro\n            throw new Error(\"User unknown in fixture: \".concat(key));\n        }\n    });\n});",
              "err": {},
              "uuid": "21109d45-3c39-44bd-825f-ace95a5338ad",
              "parentUUID": "636b6f66-17f5-4170-9acf-8525826ea7f3",
              "isHook": false,
              "skipped": false
            }
          ],
          "suites": [],
          "passes": [
            "21109d45-3c39-44bd-825f-ace95a5338ad"
          ],
          "failures": [],
          "pending": [],
          "skipped": [],
          "duration": 9662,
          "root": false,
          "rootEmpty": false,
          "_timeout": 2000
        }
      ],
      "passes": [],
      "failures": [],
      "pending": [],
      "skipped": [],
      "duration": 0,
      "root": true,
      "rootEmpty": true,
      "_timeout": 2000
    }
  ],
  "meta": {
    "mocha": {
      "version": "7.2.0"
    },
    "mochawesome": {
      "options": {
        "quiet": false,
        "reportFilename": "mochawesome",
        "saveHtml": false,
        "saveJson": true,
        "consoleReporter": "spec",
        "useInlineDiffs": false,
        "code": true
      },
      "version": "7.1.4"
    },
    "marge": {
      "options": {
        "reportDir": "cypress/reports/mochawesome",
        "overwrite": false,
        "html": false,
        "json": true,
        "embeddedScreenshots": true,
        "inlineAssets": true
      },
      "version": "6.3.2"
    }
  }
}