{
  "stats": {
    "suites": 6,
    "tests": 18,
    "passes": 18,
    "pending": 0,
    "failures": 0,
    "testsRegistered": 18,
    "passPercent": 100,
    "pendingPercent": 0,
    "other": 0,
    "hasOther": false,
    "skipped": 0,
    "hasSkipped": false,
    "start": "2026-03-07T20:05:59.275Z",
    "end": "2026-03-07T20:12:03.979Z",
    "duration": 364704
  },
  "results": [
    {
      "uuid": "b3d78410-9705-43a4-bf4d-c913a25a4d0d",
      "title": "",
      "fullFile": "cypress\\e2e\\auth\\login.cy.ts",
      "file": "cypress\\e2e\\auth\\login.cy.ts",
      "beforeHooks": [],
      "afterHooks": [],
      "tests": [],
      "suites": [
        {
          "uuid": "57429ea3-ee66-42f9-b31b-a0249b337392",
          "title": "Login Feature",
          "fullFile": "",
          "file": "",
          "beforeHooks": [],
          "afterHooks": [],
          "tests": [],
          "suites": [
            {
              "uuid": "de698624-0417-4887-8955-3686c983d22c",
              "title": "Happy Path — Login exitoso",
              "fullFile": "",
              "file": "",
              "beforeHooks": [],
              "afterHooks": [],
              "tests": [
                {
                  "title": "Debería hacer login con credenciales válidas",
                  "fullTitle": "Login Feature Happy Path — Login exitoso Debería hacer login con credenciales válidas",
                  "timedOut": null,
                  "duration": 3525,
                  "state": "passed",
                  "speed": "fast",
                  "pass": true,
                  "fail": false,
                  "pending": false,
                  "context": null,
                  "code": "// Arrange (Preparar) — datos del test\nvar validUser = 'standard_user';\nvar validPassword = 'secret_sauce';\n// Act (Actuar) — ejecutar la acción\nLoginPage_1.loginPage.login(validUser, validPassword);\n// Assert (Verificar) — comprobar el resultado\nInventoryPage_1.inventoryPage.verifyPageIsLoaded();",
                  "err": {},
                  "uuid": "4f8fd33b-cf23-4866-8139-41d29e0e40e1",
                  "parentUUID": "de698624-0417-4887-8955-3686c983d22c",
                  "isHook": false,
                  "skipped": false
                },
                {
                  "title": "Debería mostrar los productos después del login",
                  "fullTitle": "Login Feature Happy Path — Login exitoso Debería mostrar los productos después del login",
                  "timedOut": null,
                  "duration": 4069,
                  "state": "passed",
                  "speed": "fast",
                  "pass": true,
                  "fail": false,
                  "pending": false,
                  "context": null,
                  "code": "LoginPage_1.loginPage.login('standard_user', 'secret_sauce');\n// Verificar que hay productos visibles\nInventoryPage_1.inventoryPage.getInventoryItems().should('have.length', 6);",
                  "err": {},
                  "uuid": "cc4a5696-7d9b-4b29-acdc-aff5e2a15d33",
                  "parentUUID": "de698624-0417-4887-8955-3686c983d22c",
                  "isHook": false,
                  "skipped": false
                }
              ],
              "suites": [],
              "passes": [
                "4f8fd33b-cf23-4866-8139-41d29e0e40e1",
                "cc4a5696-7d9b-4b29-acdc-aff5e2a15d33"
              ],
              "failures": [],
              "pending": [],
              "skipped": [],
              "duration": 7594,
              "root": false,
              "rootEmpty": false,
              "_timeout": 2000
            },
            {
              "uuid": "8dff654d-c716-49d8-a61e-e26c27aa6ac6",
              "title": "Sad Path — Login fallido",
              "fullFile": "",
              "file": "",
              "beforeHooks": [],
              "afterHooks": [],
              "tests": [
                {
                  "title": "Debería mostrar error con usuario incorrecto",
                  "fullTitle": "Login Feature Sad Path — Login fallido Debería mostrar error con usuario incorrecto",
                  "timedOut": null,
                  "duration": 1104,
                  "state": "passed",
                  "speed": "fast",
                  "pass": true,
                  "fail": false,
                  "pending": false,
                  "context": null,
                  "code": "LoginPage_1.loginPage.login('usuario_falso', 'secret_sauce');\nLoginPage_1.loginPage.verifyErrorMessage('Username and password do not match any user in this service');",
                  "err": {},
                  "uuid": "ce16d8dc-ee92-426c-948a-57d5c454ae4d",
                  "parentUUID": "8dff654d-c716-49d8-a61e-e26c27aa6ac6",
                  "isHook": false,
                  "skipped": false
                },
                {
                  "title": "Debería mostrar error con contraseña incorrecta",
                  "fullTitle": "Login Feature Sad Path — Login fallido Debería mostrar error con contraseña incorrecta",
                  "timedOut": null,
                  "duration": 1333,
                  "state": "passed",
                  "speed": "fast",
                  "pass": true,
                  "fail": false,
                  "pending": false,
                  "context": null,
                  "code": "LoginPage_1.loginPage.login('standard_user', 'contraseña_incorrecta');\nLoginPage_1.loginPage.verifyErrorMessage('Username and password do not match any user in this service');",
                  "err": {},
                  "uuid": "718036f4-51d4-478a-a1cf-c9e365374793",
                  "parentUUID": "8dff654d-c716-49d8-a61e-e26c27aa6ac6",
                  "isHook": false,
                  "skipped": false
                },
                {
                  "title": "Debería mostrar error cuando los campos están vacíos",
                  "fullTitle": "Login Feature Sad Path — Login fallido Debería mostrar error cuando los campos están vacíos",
                  "timedOut": null,
                  "duration": 270,
                  "state": "passed",
                  "speed": "fast",
                  "pass": true,
                  "fail": false,
                  "pending": false,
                  "context": null,
                  "code": "// Hacer click en login sin llenar campos\nLoginPage_1.loginPage.clickLoginButton();\nLoginPage_1.loginPage.verifyErrorMessage('Username is required');",
                  "err": {},
                  "uuid": "c663daca-1dc0-48e0-92f7-de97b97e0e0a",
                  "parentUUID": "8dff654d-c716-49d8-a61e-e26c27aa6ac6",
                  "isHook": false,
                  "skipped": false
                },
                {
                  "title": "Debería mostrar error con usuario bloqueado",
                  "fullTitle": "Login Feature Sad Path — Login fallido Debería mostrar error con usuario bloqueado",
                  "timedOut": null,
                  "duration": 1257,
                  "state": "passed",
                  "speed": "fast",
                  "pass": true,
                  "fail": false,
                  "pending": false,
                  "context": null,
                  "code": "// SauceDemo tiene un usuario especial bloqueado para practicar este caso\nLoginPage_1.loginPage.login('locked_out_user', 'secret_sauce');\nLoginPage_1.loginPage.verifyErrorMessage('Sorry, this user has been locked out');",
                  "err": {},
                  "uuid": "09621be2-5ff0-4002-9396-e6652c25b21a",
                  "parentUUID": "8dff654d-c716-49d8-a61e-e26c27aa6ac6",
                  "isHook": false,
                  "skipped": false
                }
              ],
              "suites": [],
              "passes": [
                "ce16d8dc-ee92-426c-948a-57d5c454ae4d",
                "718036f4-51d4-478a-a1cf-c9e365374793",
                "c663daca-1dc0-48e0-92f7-de97b97e0e0a",
                "09621be2-5ff0-4002-9396-e6652c25b21a"
              ],
              "failures": [],
              "pending": [],
              "skipped": [],
              "duration": 3964,
              "root": false,
              "rootEmpty": false,
              "_timeout": 2000
            }
          ],
          "passes": [],
          "failures": [],
          "pending": [],
          "skipped": [],
          "duration": 0,
          "root": false,
          "rootEmpty": false,
          "_timeout": 2000
        },
        {
          "uuid": "bcb4106e-a417-485d-bca4-3628fcfb40be",
          "title": "Login con Fixtures",
          "fullFile": "",
          "file": "",
          "beforeHooks": [],
          "afterHooks": [],
          "tests": [
            {
              "title": "Debería hacer login con datos del fixture",
              "fullTitle": "Login con Fixtures Debería hacer login con datos del fixture",
              "timedOut": null,
              "duration": 1171,
              "state": "passed",
              "speed": "fast",
              "pass": true,
              "fail": false,
              "pending": false,
              "context": null,
              "code": "cy.fixture('users').then(function (users) {\n    LoginPage_1.loginPage.login(users.validUser.username, users.validUser.password);\n    InventoryPage_1.inventoryPage.verifyPageIsLoaded();\n});",
              "err": {},
              "uuid": "63030efc-ffdf-48cc-a90c-e9e624624b49",
              "parentUUID": "bcb4106e-a417-485d-bca4-3628fcfb40be",
              "isHook": false,
              "skipped": false
            }
          ],
          "suites": [],
          "passes": [
            "63030efc-ffdf-48cc-a90c-e9e624624b49"
          ],
          "failures": [],
          "pending": [],
          "skipped": [],
          "duration": 1171,
          "root": false,
          "rootEmpty": false,
          "_timeout": 2000
        }
      ],
      "passes": [],
      "failures": [],
      "pending": [],
      "skipped": [],
      "duration": 0,
      "root": true,
      "rootEmpty": true,
      "_timeout": 2000
    },
    {
      "uuid": "08f20053-c7b2-47b7-a5ac-5c1558ac52fe",
      "title": "",
      "fullFile": "cypress\\e2e\\auth\\users.cy.ts",
      "file": "cypress\\e2e\\auth\\users.cy.ts",
      "beforeHooks": [],
      "afterHooks": [],
      "tests": [],
      "suites": [
        {
          "uuid": "9b5d34c7-78fc-49af-af4e-50a3d6100f40",
          "title": "Login parametrizado con todos los usuarios",
          "fullFile": "",
          "file": "",
          "beforeHooks": [],
          "afterHooks": [],
          "tests": [
            {
              "title": "Debería verificar el comportamiento de cada usuario",
              "fullTitle": "Login parametrizado con todos los usuarios Debería verificar el comportamiento de cada usuario",
              "timedOut": null,
              "duration": 9540,
              "state": "passed",
              "speed": "medium",
              "pass": true,
              "fail": false,
              "pending": false,
              "context": null,
              "code": "cy.fixture('users').then(function (users) {\n    // Object.entries convierte el objeto JSON en un array iterable\n    Object.entries(users).forEach(function (_a) {\n        var _b = __read(_a, 2), key = _b[0], user = _b[1];\n        cy.log(\"Probando login con usuario: \".concat(key));\n        LoginPage_1.loginPage.visit();\n        LoginPage_1.loginPage.login(user.username, user.password);\n        // Verificar el resultado esperado para cada usuario\n        if (key === 'validUser') {\n            InventoryPage_1.inventoryPage.verifyPageIsLoaded();\n        }\n        else if (key === 'lockedUser') {\n            LoginPage_1.loginPage.verifyErrorMessage('Sorry, this user has been locked out');\n        }\n        else if (key === 'problemUser') {\n            InventoryPage_1.inventoryPage.verifyPageIsLoaded();\n        }\n        else if (key === 'invalidUser') {\n            LoginPage_1.loginPage.verifyErrorMessage('Username and password do not match any user in this service');\n        }\n        else {\n            // Caso no esperado — falla el test con un mensaje claro\n            throw new Error(\"User unknown in fixture: \".concat(key));\n        }\n    });\n});",
              "err": {},
              "uuid": "759aebe7-f3a8-4bda-9795-0e0da89aa786",
              "parentUUID": "9b5d34c7-78fc-49af-af4e-50a3d6100f40",
              "isHook": false,
              "skipped": false
            }
          ],
          "suites": [],
          "passes": [
            "759aebe7-f3a8-4bda-9795-0e0da89aa786"
          ],
          "failures": [],
          "pending": [],
          "skipped": [],
          "duration": 9540,
          "root": false,
          "rootEmpty": false,
          "_timeout": 2000
        }
      ],
      "passes": [],
      "failures": [],
      "pending": [],
      "skipped": [],
      "duration": 0,
      "root": true,
      "rootEmpty": true,
      "_timeout": 2000
    },
    {
      "uuid": "b35e799d-400c-444e-adca-04273d6d48af",
      "title": "",
      "fullFile": "cypress\\e2e\\auth\\login.cy.ts",
      "file": "cypress\\e2e\\auth\\login.cy.ts",
      "beforeHooks": [],
      "afterHooks": [],
      "tests": [],
      "suites": [
        {
          "uuid": "33ab1759-163b-4851-8789-0329c59aa234",
          "title": "Login Feature",
          "fullFile": "",
          "file": "",
          "beforeHooks": [],
          "afterHooks": [],
          "tests": [],
          "suites": [
            {
              "uuid": "5f84ad07-d2d2-47b3-b1d7-1d619e69e9f9",
              "title": "Happy Path — Login exitoso",
              "fullFile": "",
              "file": "",
              "beforeHooks": [],
              "afterHooks": [],
              "tests": [
                {
                  "title": "Debería hacer login con credenciales válidas",
                  "fullTitle": "Login Feature Happy Path — Login exitoso Debería hacer login con credenciales válidas",
                  "timedOut": null,
                  "duration": 4126,
                  "state": "passed",
                  "speed": "fast",
                  "pass": true,
                  "fail": false,
                  "pending": false,
                  "context": null,
                  "code": "// Arrange (Preparar) — datos del test\nvar validUser = 'standard_user';\nvar validPassword = 'secret_sauce';\n// Act (Actuar) — ejecutar la acción\nLoginPage_1.loginPage.login(validUser, validPassword);\n// Assert (Verificar) — comprobar el resultado\nInventoryPage_1.inventoryPage.verifyPageIsLoaded();",
                  "err": {},
                  "uuid": "f4ba8c84-f1c5-4d6d-9198-3c51c6065644",
                  "parentUUID": "5f84ad07-d2d2-47b3-b1d7-1d619e69e9f9",
                  "isHook": false,
                  "skipped": false
                },
                {
                  "title": "Debería mostrar los productos después del login",
                  "fullTitle": "Login Feature Happy Path — Login exitoso Debería mostrar los productos después del login",
                  "timedOut": null,
                  "duration": 3839,
                  "state": "passed",
                  "speed": "fast",
                  "pass": true,
                  "fail": false,
                  "pending": false,
                  "context": null,
                  "code": "LoginPage_1.loginPage.login('standard_user', 'secret_sauce');\n// Verificar que hay productos visibles\nInventoryPage_1.inventoryPage.getInventoryItems().should('have.length', 6);",
                  "err": {},
                  "uuid": "c2a2105d-b5e8-4a30-839d-40eb371d3e34",
                  "parentUUID": "5f84ad07-d2d2-47b3-b1d7-1d619e69e9f9",
                  "isHook": false,
                  "skipped": false
                }
              ],
              "suites": [],
              "passes": [
                "f4ba8c84-f1c5-4d6d-9198-3c51c6065644",
                "c2a2105d-b5e8-4a30-839d-40eb371d3e34"
              ],
              "failures": [],
              "pending": [],
              "skipped": [],
              "duration": 7965,
              "root": false,
              "rootEmpty": false,
              "_timeout": 2000
            },
            {
              "uuid": "81a9f4d2-9545-4a6a-9a4a-404f77c8ce91",
              "title": "Sad Path — Login fallido",
              "fullFile": "",
              "file": "",
              "beforeHooks": [],
              "afterHooks": [],
              "tests": [
                {
                  "title": "Debería mostrar error con usuario incorrecto",
                  "fullTitle": "Login Feature Sad Path — Login fallido Debería mostrar error con usuario incorrecto",
                  "timedOut": null,
                  "duration": 1132,
                  "state": "passed",
                  "speed": "fast",
                  "pass": true,
                  "fail": false,
                  "pending": false,
                  "context": null,
                  "code": "LoginPage_1.loginPage.login('usuario_falso', 'secret_sauce');\nLoginPage_1.loginPage.verifyErrorMessage('Username and password do not match any user in this service');",
                  "err": {},
                  "uuid": "0e0f9c7f-dac5-4150-a939-fd9872b44ae1",
                  "parentUUID": "81a9f4d2-9545-4a6a-9a4a-404f77c8ce91",
                  "isHook": false,
                  "skipped": false
                },
                {
                  "title": "Debería mostrar error con contraseña incorrecta",
                  "fullTitle": "Login Feature Sad Path — Login fallido Debería mostrar error con contraseña incorrecta",
                  "timedOut": null,
                  "duration": 1233,
                  "state": "passed",
                  "speed": "fast",
                  "pass": true,
                  "fail": false,
                  "pending": false,
                  "context": null,
                  "code": "LoginPage_1.loginPage.login('standard_user', 'contraseña_incorrecta');\nLoginPage_1.loginPage.verifyErrorMessage('Username and password do not match any user in this service');",
                  "err": {},
                  "uuid": "4a80727e-a19a-45fd-8c61-344a49fe3135",
                  "parentUUID": "81a9f4d2-9545-4a6a-9a4a-404f77c8ce91",
                  "isHook": false,
                  "skipped": false
                },
                {
                  "title": "Debería mostrar error cuando los campos están vacíos",
                  "fullTitle": "Login Feature Sad Path — Login fallido Debería mostrar error cuando los campos están vacíos",
                  "timedOut": null,
                  "duration": 212,
                  "state": "passed",
                  "speed": "fast",
                  "pass": true,
                  "fail": false,
                  "pending": false,
                  "context": null,
                  "code": "// Hacer click en login sin llenar campos\nLoginPage_1.loginPage.clickLoginButton();\nLoginPage_1.loginPage.verifyErrorMessage('Username is required');",
                  "err": {},
                  "uuid": "68d14384-649c-4de2-b6fc-1492ff66fe93",
                  "parentUUID": "81a9f4d2-9545-4a6a-9a4a-404f77c8ce91",
                  "isHook": false,
                  "skipped": false
                },
                {
                  "title": "Debería mostrar error con usuario bloqueado",
                  "fullTitle": "Login Feature Sad Path — Login fallido Debería mostrar error con usuario bloqueado",
                  "timedOut": null,
                  "duration": 1090,
                  "state": "passed",
                  "speed": "fast",
                  "pass": true,
                  "fail": false,
                  "pending": false,
                  "context": null,
                  "code": "// SauceDemo tiene un usuario especial bloqueado para practicar este caso\nLoginPage_1.loginPage.login('locked_out_user', 'secret_sauce');\nLoginPage_1.loginPage.verifyErrorMessage('Sorry, this user has been locked out');",
                  "err": {},
                  "uuid": "d8e124b7-2711-4e94-8e0b-f3a62ef9c3a7",
                  "parentUUID": "81a9f4d2-9545-4a6a-9a4a-404f77c8ce91",
                  "isHook": false,
                  "skipped": false
                }
              ],
              "suites": [],
              "passes": [
                "0e0f9c7f-dac5-4150-a939-fd9872b44ae1",
                "4a80727e-a19a-45fd-8c61-344a49fe3135",
                "68d14384-649c-4de2-b6fc-1492ff66fe93",
                "d8e124b7-2711-4e94-8e0b-f3a62ef9c3a7"
              ],
              "failures": [],
              "pending": [],
              "skipped": [],
              "duration": 3667,
              "root": false,
              "rootEmpty": false,
              "_timeout": 2000
            }
          ],
          "passes": [],
          "failures": [],
          "pending": [],
          "skipped": [],
          "duration": 0,
          "root": false,
          "rootEmpty": false,
          "_timeout": 2000
        },
        {
          "uuid": "13d683ab-d075-4674-8a27-591db68375ef",
          "title": "Login con Fixtures",
          "fullFile": "",
          "file": "",
          "beforeHooks": [],
          "afterHooks": [],
          "tests": [
            {
              "title": "Debería hacer login con datos del fixture",
              "fullTitle": "Login con Fixtures Debería hacer login con datos del fixture",
              "timedOut": null,
              "duration": 1011,
              "state": "passed",
              "speed": "fast",
              "pass": true,
              "fail": false,
              "pending": false,
              "context": null,
              "code": "cy.fixture('users').then(function (users) {\n    LoginPage_1.loginPage.login(users.validUser.username, users.validUser.password);\n    InventoryPage_1.inventoryPage.verifyPageIsLoaded();\n});",
              "err": {},
              "uuid": "406d6835-be76-4a8b-ae6c-1f804d39d48b",
              "parentUUID": "13d683ab-d075-4674-8a27-591db68375ef",
              "isHook": false,
              "skipped": false
            }
          ],
          "suites": [],
          "passes": [
            "406d6835-be76-4a8b-ae6c-1f804d39d48b"
          ],
          "failures": [],
          "pending": [],
          "skipped": [],
          "duration": 1011,
          "root": false,
          "rootEmpty": false,
          "_timeout": 2000
        }
      ],
      "passes": [],
      "failures": [],
      "pending": [],
      "skipped": [],
      "duration": 0,
      "root": true,
      "rootEmpty": true,
      "_timeout": 2000
    },
    {
      "uuid": "f96c9b26-0af2-487a-aab3-89a2fa3d1c91",
      "title": "",
      "fullFile": "cypress\\e2e\\auth\\users.cy.ts",
      "file": "cypress\\e2e\\auth\\users.cy.ts",
      "beforeHooks": [],
      "afterHooks": [],
      "tests": [],
      "suites": [
        {
          "uuid": "780c9d52-a0db-4a28-b8d5-80332502e57d",
          "title": "Login parametrizado con todos los usuarios",
          "fullFile": "",
          "file": "",
          "beforeHooks": [],
          "afterHooks": [],
          "tests": [
            {
              "title": "Debería verificar el comportamiento de cada usuario",
              "fullTitle": "Login parametrizado con todos los usuarios Debería verificar el comportamiento de cada usuario",
              "timedOut": null,
              "duration": 8311,
              "state": "passed",
              "speed": "medium",
              "pass": true,
              "fail": false,
              "pending": false,
              "context": null,
              "code": "cy.fixture('users').then(function (users) {\n    // Object.entries convierte el objeto JSON en un array iterable\n    Object.entries(users).forEach(function (_a) {\n        var _b = __read(_a, 2), key = _b[0], user = _b[1];\n        cy.log(\"Probando login con usuario: \".concat(key));\n        LoginPage_1.loginPage.visit();\n        LoginPage_1.loginPage.login(user.username, user.password);\n        // Verificar el resultado esperado para cada usuario\n        if (key === 'validUser') {\n            InventoryPage_1.inventoryPage.verifyPageIsLoaded();\n        }\n        else if (key === 'lockedUser') {\n            LoginPage_1.loginPage.verifyErrorMessage('Sorry, this user has been locked out');\n        }\n        else if (key === 'problemUser') {\n            InventoryPage_1.inventoryPage.verifyPageIsLoaded();\n        }\n        else if (key === 'invalidUser') {\n            LoginPage_1.loginPage.verifyErrorMessage('Username and password do not match any user in this service');\n        }\n        else {\n            // Caso no esperado — falla el test con un mensaje claro\n            throw new Error(\"User unknown in fixture: \".concat(key));\n        }\n    });\n});",
              "err": {},
              "uuid": "ee38f257-78d5-4ad9-beaa-8144997125c4",
              "parentUUID": "780c9d52-a0db-4a28-b8d5-80332502e57d",
              "isHook": false,
              "skipped": false
            }
          ],
          "suites": [],
          "passes": [
            "ee38f257-78d5-4ad9-beaa-8144997125c4"
          ],
          "failures": [],
          "pending": [],
          "skipped": [],
          "duration": 8311,
          "root": false,
          "rootEmpty": false,
          "_timeout": 2000
        }
      ],
      "passes": [],
      "failures": [],
      "pending": [],
      "skipped": [],
      "duration": 0,
      "root": true,
      "rootEmpty": true,
      "_timeout": 2000
    },
    {
      "uuid": "036f1d06-78b7-45a9-b1b6-7452ad437aed",
      "title": "",
      "fullFile": "cypress\\e2e\\cart\\cart.cy.ts",
      "file": "cypress\\e2e\\cart\\cart.cy.ts",
      "beforeHooks": [],
      "afterHooks": [],
      "tests": [],
      "suites": [
        {
          "uuid": "0c53a2fa-e3e7-4391-b095-4a660304ec9e",
          "title": "Cart Functionality",
          "fullFile": "",
          "file": "",
          "beforeHooks": [],
          "afterHooks": [],
          "tests": [
            {
              "title": "should add a product to the cart and verify it appears in the cart",
              "fullTitle": "Cart Functionality should add a product to the cart and verify it appears in the cart",
              "timedOut": null,
              "duration": 2640,
              "state": "passed",
              "speed": "fast",
              "pass": true,
              "fail": false,
              "pending": false,
              "context": null,
              "code": "var productName1 = 'sauce-labs-backpack';\nvar productName2 = 'sauce-labs-bike-light';\n// Add product to cart\nInventoryPage_1.inventoryPage.addProductToCart(productName1);\nInventoryPage_1.inventoryPage.addProductToCart(productName2);\n// Verificar que el badge del carrito muestra \"2\"\nInventoryPage_1.inventoryPage.verifyCartCount(2);\n// Navegar al carrito\nInventoryPage_1.inventoryPage.goToCart();\n// Verificar que estamos en la página del carrito\nCartPage_1.cartPage.verifyPageIsLoaded();\n// Verificar que los 2 productos están en el carrito\nCartPage_1.cartPage.getCartItems().should('have.length', 2);",
              "err": {},
              "uuid": "d38cb8ec-bbc3-48b3-a670-ccd3754b4c6d",
              "parentUUID": "0c53a2fa-e3e7-4391-b095-4a660304ec9e",
              "isHook": false,
              "skipped": false
            }
          ],
          "suites": [],
          "passes": [
            "d38cb8ec-bbc3-48b3-a670-ccd3754b4c6d"
          ],
          "failures": [],
          "pending": [],
          "skipped": [],
          "duration": 2640,
          "root": false,
          "rootEmpty": false,
          "_timeout": 2000
        }
      ],
      "passes": [],
      "failures": [],
      "pending": [],
      "skipped": [],
      "duration": 0,
      "root": true,
      "rootEmpty": true,
      "_timeout": 2000
    },
    {
      "uuid": "705ee9f7-4636-45ed-925a-185efb31ee3a",
      "title": "",
      "fullFile": "cypress\\e2e\\cart\\cart.cy.ts",
      "file": "cypress\\e2e\\cart\\cart.cy.ts",
      "beforeHooks": [],
      "afterHooks": [],
      "tests": [],
      "suites": [
        {
          "uuid": "45e42abb-0d25-46c1-8170-0cbc87152106",
          "title": "Cart Functionality",
          "fullFile": "",
          "file": "",
          "beforeHooks": [],
          "afterHooks": [],
          "tests": [
            {
              "title": "should add a product to the cart and verify it appears in the cart",
              "fullTitle": "Cart Functionality should add a product to the cart and verify it appears in the cart",
              "timedOut": null,
              "duration": 3858,
              "state": "passed",
              "speed": "fast",
              "pass": true,
              "fail": false,
              "pending": false,
              "context": null,
              "code": "var productName1 = 'sauce-labs-backpack';\nvar productName2 = 'sauce-labs-bike-light';\n// Add product to cart\nInventoryPage_1.inventoryPage.addProductToCart(productName1);\nInventoryPage_1.inventoryPage.addProductToCart(productName2);\n// Verificar que el badge del carrito muestra \"2\"\nInventoryPage_1.inventoryPage.verifyCartCount(2);\n// Navegar al carrito\nInventoryPage_1.inventoryPage.goToCart();\n// Verificar que estamos en la página del carrito\nCartPage_1.cartPage.verifyPageIsLoaded();\n// Verificar que los 2 productos están en el carrito\nCartPage_1.cartPage.getCartItems().should('have.length', 2);",
              "err": {},
              "uuid": "a2f6662b-70fc-414e-b89c-5167f8c56a0e",
              "parentUUID": "45e42abb-0d25-46c1-8170-0cbc87152106",
              "isHook": false,
              "skipped": false
            }
          ],
          "suites": [],
          "passes": [
            "a2f6662b-70fc-414e-b89c-5167f8c56a0e"
          ],
          "failures": [],
          "pending": [],
          "skipped": [],
          "duration": 3858,
          "root": false,
          "rootEmpty": false,
          "_timeout": 2000
        }
      ],
      "passes": [],
      "failures": [],
      "pending": [],
      "skipped": [],
      "duration": 0,
      "root": true,
      "rootEmpty": true,
      "_timeout": 2000
    }
  ],
  "meta": {
    "mocha": {
      "version": "7.2.0"
    },
    "mochawesome": {
      "options": {
        "quiet": false,
        "reportFilename": "mochawesome",
        "saveHtml": false,
        "saveJson": true,
        "consoleReporter": "spec",
        "useInlineDiffs": false,
        "code": true
      },
      "version": "7.1.4"
    },
    "marge": {
      "options": {
        "reportDir": "cypress/reports/mochawesome",
        "overwrite": false,
        "html": false,
        "json": true,
        "embeddedScreenshots": true,
        "inlineAssets": true
      },
      "version": "6.3.2"
    }
  }
}